<?xml version="1.0" encoding="UTF-8"?>
<TestRun id="0d8d119b-9e6f-4065-8732-b14f542bfa5b" name="JASPER@OMETHEIS 2011-09-18 20:38:02" runUser="OMETHEIS\JASPER" xmlns="http://microsoft.com/schemas/VisualStudio/TeamTest/2010">
  <TestSettings name="Local" id="dd88ff50-7145-4656-9ce6-8fb09aad029c">
    <Description>These are default test settings for a local test run.</Description>
    <Deployment enabled="false" runDeploymentRoot="JASPER_OMETHEIS 2011-09-18 20_38_02" />
    <Execution>
      <TestTypeSpecific />
      <AgentRule name="Execution Agents">
      </AgentRule>
    </Execution>
  </TestSettings>
  <Times creation="2011-09-18T20:38:02.7068718+02:00" queuing="2011-09-18T20:38:03.0568918+02:00" start="2011-09-18T20:38:03.3789102+02:00" finish="2011-09-18T20:38:03.8149296+02:00" />
  <ResultSummary outcome="Failed">
    <Counters total="1" executed="1" error="0" failed="1" timeout="0" aborted="0" inconclusive="0" passedButRunAborted="0" notRunnable="0" notExecuted="0" disconnected="0" warning="0" passed="0" completed="0" inProgress="0" pending="0" />
  </ResultSummary>
  <TestDefinitions>
    <UnitTest name="seperateTest" storage="c:\users\jasper\documents\programmeren\progrpc\projectsvisual\projects2010\console2\autocompletertest\bin\release\autocompletertest.dll" id="8bf1eb87-8f9a-9881-6a03-b4fd681bccfe">
      <Execution timeOut="1800000" id="c56966c5-7f69-459b-8bf5-629c85ea5fe6" />
      <TestMethod codeBase="C:/Users/JASPER/Documents/programmeren/progrPc/projectsVisual/Projects2010/console2/AutoCompleterTest/bin/Release/AutoCompleterTest.DLL" adapterTypeName="Microsoft.VisualStudio.TestTools.TestTypes.Unit.UnitTestAdapter, Microsoft.VisualStudio.QualityTools.Tips.UnitTest.Adapter, Version=10.0.0.0, Culture=neutral, PublicKeyToken=b03f5f7f11d50a3a" className="AutoCompleterTest.ExecutionNodeTest, AutoCompleterTest, Version=1.0.0.0, Culture=neutral, PublicKeyToken=null" name="seperateTest" />
    </UnitTest>
  </TestDefinitions>
  <TestLists>
    <TestList name="Results Not in a List" id="8c84fa94-04c1-424b-9868-57a2d4851a1d" />
    <TestList name="All Loaded Results" id="19431567-8539-422a-85d7-44ee4e166bda" />
  </TestLists>
  <TestEntries>
    <TestEntry testId="8bf1eb87-8f9a-9881-6a03-b4fd681bccfe" executionId="c56966c5-7f69-459b-8bf5-629c85ea5fe6" testListId="8c84fa94-04c1-424b-9868-57a2d4851a1d" />
  </TestEntries>
  <Results>
    <UnitTestResult executionId="c56966c5-7f69-459b-8bf5-629c85ea5fe6" testId="8bf1eb87-8f9a-9881-6a03-b4fd681bccfe" testName="seperateTest" computerName="OMETHEIS" duration="00:00:00.1502811" startTime="2011-09-18T20:38:03.4499143+02:00" endTime="2011-09-18T20:38:03.6799218+02:00" testType="13cdc9d9-ddb5-4fa4-a97d-d965ccfc6d4b" outcome="Failed" testListId="8c84fa94-04c1-424b-9868-57a2d4851a1d" relativeResultsDirectory="c56966c5-7f69-459b-8bf5-629c85ea5fe6">
      <Output>
        <ErrorInfo>
          <Message>Test method AutoCompleterTest.ExecutionNodeTest.seperateTest threw exception: 
System.ArgumentException: ILLEGAL AMOUNT OF BRACKETS!</Message>
          <StackTrace>    at console2.Execution.ExecutionNode.seperate(String text) in C:\Users\JASPER\Documents\programmeren\progrPc\projectsVisual\Projects2010\console2\console2\Execution\InterPreter.cs:line 158
   at AutoCompleterTest.ExecutionNodeTest.seperateTest() in C:\Users\JASPER\Documents\programmeren\progrPc\projectsVisual\Projects2010\console2\AutoCompleterTest\ExecutionNodeTest.cs:line 75
</StackTrace>
        </ErrorInfo>
      </Output>
    </UnitTestResult>
  </Results>
</TestRun>