<?xml version="1.0" encoding="UTF-8"?>
<TestRun id="be06115b-a64f-4e04-a5e7-52e80efed4ff" name="JASPER@OMETHEIS 2011-10-04 11:50:41" runUser="OMETHEIS\JASPER" xmlns="http://microsoft.com/schemas/VisualStudio/TeamTest/2010">
  <TestSettings name="Local" id="dd88ff50-7145-4656-9ce6-8fb09aad029c">
    <Description>These are default test settings for a local test run.</Description>
    <Deployment enabled="false" runDeploymentRoot="JASPER_OMETHEIS 2011-10-04 11_50_41" />
    <Execution>
      <TestTypeSpecific />
      <AgentRule name="Execution Agents">
      </AgentRule>
    </Execution>
  </TestSettings>
  <Times creation="2011-10-04T11:50:41.6886633+02:00" queuing="2011-10-04T11:50:42.0162639+02:00" start="2011-10-04T11:50:42.4374646+02:00" finish="2011-10-04T11:50:42.8430653+02:00" />
  <ResultSummary outcome="Completed">
    <Counters total="1" executed="1" passed="1" error="0" failed="0" timeout="0" aborted="0" inconclusive="0" passedButRunAborted="0" notRunnable="0" notExecuted="0" disconnected="0" warning="0" completed="0" inProgress="0" pending="0" />
  </ResultSummary>
  <TestDefinitions>
    <UnitTest name="preInterpreteTest" storage="c:\users\jasper\documents\programmeren\progrpc\projectsvisual\projects2010\console2\autocompletertest\bin\release\autocompletertest.dll" id="611760a0-3927-a68c-3bc5-fc499d9a86a3">
      <Execution timeOut="1800000" id="7694a2ba-e8f5-4fe3-942c-116cc4964ce2" />
      <TestMethod codeBase="C:/Users/JASPER/Documents/programmeren/progrPc/projectsVisual/Projects2010/console2/AutoCompleterTest/bin/Release/AutoCompleterTest.DLL" adapterTypeName="Microsoft.VisualStudio.TestTools.TestTypes.Unit.UnitTestAdapter, Microsoft.VisualStudio.QualityTools.Tips.UnitTest.Adapter, Version=10.0.0.0, Culture=neutral, PublicKeyToken=b03f5f7f11d50a3a" className="AutoCompleterTest.PreInterpreterTest, AutoCompleterTest, Version=1.0.0.0, Culture=neutral, PublicKeyToken=null" name="preInterpreteTest" />
    </UnitTest>
  </TestDefinitions>
  <TestLists>
    <TestList name="Results Not in a List" id="8c84fa94-04c1-424b-9868-57a2d4851a1d" />
    <TestList name="All Loaded Results" id="19431567-8539-422a-85d7-44ee4e166bda" />
  </TestLists>
  <TestEntries>
    <TestEntry testId="611760a0-3927-a68c-3bc5-fc499d9a86a3" executionId="7694a2ba-e8f5-4fe3-942c-116cc4964ce2" testListId="8c84fa94-04c1-424b-9868-57a2d4851a1d" />
  </TestEntries>
  <Results>
    <UnitTestResult executionId="7694a2ba-e8f5-4fe3-942c-116cc4964ce2" testId="611760a0-3927-a68c-3bc5-fc499d9a86a3" testName="preInterpreteTest" computerName="OMETHEIS" duration="00:00:00.0706314" startTime="2011-10-04T11:50:42.5934649+02:00" endTime="2011-10-04T11:50:42.7338651+02:00" testType="13cdc9d9-ddb5-4fa4-a97d-d965ccfc6d4b" outcome="Passed" testListId="8c84fa94-04c1-424b-9868-57a2d4851a1d" relativeResultsDirectory="7694a2ba-e8f5-4fe3-942c-116cc4964ce2">
    </UnitTestResult>
  </Results>
</TestRun>