<?xml version="1.0" encoding="UTF-8"?>
<TestRun id="3e704b27-5412-4f9b-9467-2722ef531ffe" name="JASPER@OMETHEIS 2011-09-15 11:19:43" runUser="OMETHEIS\JASPER" xmlns="http://microsoft.com/schemas/VisualStudio/TeamTest/2010">
  <TestSettings name="Local" id="dd88ff50-7145-4656-9ce6-8fb09aad029c">
    <Description>These are default test settings for a local test run.</Description>
    <Deployment enabled="false" runDeploymentRoot="JASPER_OMETHEIS 2011-09-15 11_19_43" />
    <Execution>
      <TestTypeSpecific />
      <AgentRule name="Execution Agents">
      </AgentRule>
    </Execution>
  </TestSettings>
  <Times creation="2011-09-15T11:19:43.2152378+02:00" queuing="2011-09-15T11:19:43.5692441+02:00" start="2011-09-15T11:19:43.9912665+02:00" finish="2011-09-15T11:19:44.3932717+02:00" />
  <ResultSummary outcome="Failed">
    <Counters total="1" executed="1" error="0" failed="1" timeout="0" aborted="0" inconclusive="0" passedButRunAborted="0" notRunnable="0" notExecuted="0" disconnected="0" warning="0" passed="0" completed="0" inProgress="0" pending="0" />
    <RunInfos>
      <RunInfo computerName="OMETHEIS" outcome="Warning" timestamp="2011-09-15T11:19:43.3552380+02:00">
        <Text>Deployment is currently disabled. The deployment item 'console2.exe' on test 'AutoCompleterTest.AutoCompleterTest.getListedItemsOfTextTest' was not deployed.</Text>
      </RunInfo>
    </RunInfos>
  </ResultSummary>
  <TestDefinitions>
    <UnitTest name="getListedItemsOfTextTest" storage="c:\users\jasper\documents\programmeren\progrpc\projectsvisual\projects2010\console2\autocompletertest\bin\release\autocompletertest.dll" id="465b132f-a25d-fde8-b6cb-03927ceb30f6">
      <Execution timeOut="1800000" id="e3fcadde-bd46-403a-baf8-53358f7a88e8" />
      <DeploymentItems>
        <DeploymentItem filename="console2.exe" />
      </DeploymentItems>
      <TestMethod codeBase="C:/Users/JASPER/Documents/programmeren/progrPc/projectsVisual/Projects2010/console2/AutoCompleterTest/bin/Release/AutoCompleterTest.DLL" adapterTypeName="Microsoft.VisualStudio.TestTools.TestTypes.Unit.UnitTestAdapter, Microsoft.VisualStudio.QualityTools.Tips.UnitTest.Adapter, Version=10.0.0.0, Culture=neutral, PublicKeyToken=b03f5f7f11d50a3a" className="AutoCompleterTest.AutoCompleterTest, AutoCompleterTest, Version=1.0.0.0, Culture=neutral, PublicKeyToken=null" name="getListedItemsOfTextTest" />
    </UnitTest>
  </TestDefinitions>
  <TestLists>
    <TestList name="Results Not in a List" id="8c84fa94-04c1-424b-9868-57a2d4851a1d" />
    <TestList name="All Loaded Results" id="19431567-8539-422a-85d7-44ee4e166bda" />
  </TestLists>
  <TestEntries>
    <TestEntry testId="465b132f-a25d-fde8-b6cb-03927ceb30f6" executionId="e3fcadde-bd46-403a-baf8-53358f7a88e8" testListId="8c84fa94-04c1-424b-9868-57a2d4851a1d" />
  </TestEntries>
  <Results>
    <UnitTestResult executionId="e3fcadde-bd46-403a-baf8-53358f7a88e8" testId="465b132f-a25d-fde8-b6cb-03927ceb30f6" testName="getListedItemsOfTextTest" computerName="OMETHEIS" duration="00:00:00.1918039" startTime="2011-09-15T11:19:44.0312677+02:00" endTime="2011-09-15T11:19:44.2992685+02:00" testType="13cdc9d9-ddb5-4fa4-a97d-d965ccfc6d4b" outcome="Failed" testListId="8c84fa94-04c1-424b-9868-57a2d4851a1d" relativeResultsDirectory="e3fcadde-bd46-403a-baf8-53358f7a88e8">
      <Output>
        <ErrorInfo>
          <Message>Assert.AreEqual failed. Expected:&lt;NietGebruikt deel1(binnenin)&gt;. Actual:&lt;deel1(binnenin)&gt;. </Message>
          <StackTrace>   at AutoCompleterTest.AutoCompleterTest.getListedItemsOfTextTest() in C:\Users\JASPER\Documents\programmeren\progrPc\projectsVisual\Projects2010\console2\AutoCompleterTest\AutoCompleterTest.cs:line 99
</StackTrace>
        </ErrorInfo>
      </Output>
    </UnitTestResult>
  </Results>
</TestRun>