<?xml version="1.0" encoding="UTF-8"?>
<TestRun id="da44d635-fcfb-45c7-b6ae-30621540dad1" name="JASPER@OMETHEIS 2011-09-15 15:15:09" runUser="OMETHEIS\JASPER" xmlns="http://microsoft.com/schemas/VisualStudio/TeamTest/2010">
  <TestSettings name="Local" id="dd88ff50-7145-4656-9ce6-8fb09aad029c">
    <Description>These are default test settings for a local test run.</Description>
    <Deployment enabled="false" runDeploymentRoot="JASPER_OMETHEIS 2011-09-15 15_15_09" />
    <Execution>
      <TestTypeSpecific />
      <AgentRule name="Execution Agents">
      </AgentRule>
    </Execution>
  </TestSettings>
  <Times creation="2011-09-15T15:15:09.4034054+02:00" queuing="2011-09-15T15:15:09.7454088+02:00" start="2011-09-15T15:15:10.1684313+02:00" finish="2011-09-15T15:15:10.6194376+02:00" />
  <ResultSummary outcome="Warning">
    <Counters total="9" executed="9" passed="9" error="0" failed="0" timeout="0" aborted="0" inconclusive="0" passedButRunAborted="0" notRunnable="0" notExecuted="0" disconnected="0" warning="0" completed="0" inProgress="0" pending="0" />
    <RunInfos>
      <RunInfo computerName="OMETHEIS" outcome="Warning" timestamp="2011-09-15T15:15:09.5334056+02:00">
        <Text>Deployment is currently disabled. The deployment item 'console2.exe' on test 'AutoCompleterTest.AutoCompleterTest.getNextStringsTest' was not deployed.</Text>
      </RunInfo>
    </RunInfos>
  </ResultSummary>
  <TestDefinitions>
    <UnitTest name="getNextStringsTest" storage="c:\users\jasper\documents\programmeren\progrpc\projectsvisual\projects2010\console2\autocompletertest\bin\release\autocompletertest.dll" id="4c0a0aa6-91ec-56c0-0d1b-79d5083beee0">
      <Execution timeOut="1800000" id="4817560c-4909-46b9-b79d-ba0afc3ef080" />
      <DeploymentItems>
        <DeploymentItem filename="console2.exe" />
      </DeploymentItems>
      <TestMethod codeBase="C:/Users/JASPER/Documents/programmeren/progrPc/projectsVisual/Projects2010/console2/AutoCompleterTest/bin/Release/AutoCompleterTest.DLL" adapterTypeName="Microsoft.VisualStudio.TestTools.TestTypes.Unit.UnitTestAdapter, Microsoft.VisualStudio.QualityTools.Tips.UnitTest.Adapter, Version=10.0.0.0, Culture=neutral, PublicKeyToken=b03f5f7f11d50a3a" className="AutoCompleterTest.AutoCompleterTest, AutoCompleterTest, Version=1.0.0.0, Culture=neutral, PublicKeyToken=null" name="getNextStringsTest" />
    </UnitTest>
    <UnitTest name="getAllFirstBasesObjectsTest" storage="c:\users\jasper\documents\programmeren\progrpc\projectsvisual\projects2010\console2\autocompletertest\bin\release\autocompletertest.dll" id="375966c9-470c-67ac-3e9f-79e444c349ef">
      <Execution timeOut="1800000" id="e11522c0-a001-46c7-a29a-c1a7d1c3cc13" />
      <DeploymentItems>
        <DeploymentItem filename="console2.exe" />
      </DeploymentItems>
      <TestMethod codeBase="C:/Users/JASPER/Documents/programmeren/progrPc/projectsVisual/Projects2010/console2/AutoCompleterTest/bin/Release/AutoCompleterTest.DLL" adapterTypeName="Microsoft.VisualStudio.TestTools.TestTypes.Unit.UnitTestAdapter, Microsoft.VisualStudio.QualityTools.Tips.UnitTest.Adapter, Version=10.0.0.0, Culture=neutral, PublicKeyToken=b03f5f7f11d50a3a" className="AutoCompleterTest.AutoCompleterTest, AutoCompleterTest, Version=1.0.0.0, Culture=neutral, PublicKeyToken=null" name="getAllFirstBasesObjectsTest" />
    </UnitTest>
    <UnitTest name="getAllFirstBasesStringTest" storage="c:\users\jasper\documents\programmeren\progrpc\projectsvisual\projects2010\console2\autocompletertest\bin\release\autocompletertest.dll" id="de575754-54e2-8d1c-c6f1-a7190edbadc3">
      <Execution timeOut="1800000" id="636d5d28-dc37-4878-a91c-740e14aa61e8" />
      <DeploymentItems>
        <DeploymentItem filename="console2.exe" />
      </DeploymentItems>
      <TestMethod codeBase="C:/Users/JASPER/Documents/programmeren/progrPc/projectsVisual/Projects2010/console2/AutoCompleterTest/bin/Release/AutoCompleterTest.DLL" adapterTypeName="Microsoft.VisualStudio.TestTools.TestTypes.Unit.UnitTestAdapter, Microsoft.VisualStudio.QualityTools.Tips.UnitTest.Adapter, Version=10.0.0.0, Culture=neutral, PublicKeyToken=b03f5f7f11d50a3a" className="AutoCompleterTest.AutoCompleterTest, AutoCompleterTest, Version=1.0.0.0, Culture=neutral, PublicKeyToken=null" name="getAllFirstBasesStringTest" />
    </UnitTest>
    <UnitTest name="getListedItemsOfTextTest" storage="c:\users\jasper\documents\programmeren\progrpc\projectsvisual\projects2010\console2\autocompletertest\bin\release\autocompletertest.dll" id="465b132f-a25d-fde8-b6cb-03927ceb30f6">
      <Execution timeOut="1800000" id="3136ca67-8258-45cb-ba0e-9f02d9a2ae2f" />
      <DeploymentItems>
        <DeploymentItem filename="console2.exe" />
      </DeploymentItems>
      <TestMethod codeBase="C:/Users/JASPER/Documents/programmeren/progrPc/projectsVisual/Projects2010/console2/AutoCompleterTest/bin/Release/AutoCompleterTest.DLL" adapterTypeName="Microsoft.VisualStudio.TestTools.TestTypes.Unit.UnitTestAdapter, Microsoft.VisualStudio.QualityTools.Tips.UnitTest.Adapter, Version=10.0.0.0, Culture=neutral, PublicKeyToken=b03f5f7f11d50a3a" className="AutoCompleterTest.AutoCompleterTest, AutoCompleterTest, Version=1.0.0.0, Culture=neutral, PublicKeyToken=null" name="getListedItemsOfTextTest" />
    </UnitTest>
    <UnitTest name="getNextObjectsTest" storage="c:\users\jasper\documents\programmeren\progrpc\projectsvisual\projects2010\console2\autocompletertest\bin\release\autocompletertest.dll" id="329812f2-925c-63d9-2938-03f647a06733">
      <Execution timeOut="1800000" id="48d4e527-d4ab-4241-bbb6-7573e243e5fb" />
      <DeploymentItems>
        <DeploymentItem filename="console2.exe" />
      </DeploymentItems>
      <TestMethod codeBase="C:/Users/JASPER/Documents/programmeren/progrPc/projectsVisual/Projects2010/console2/AutoCompleterTest/bin/Release/AutoCompleterTest.DLL" adapterTypeName="Microsoft.VisualStudio.TestTools.TestTypes.Unit.UnitTestAdapter, Microsoft.VisualStudio.QualityTools.Tips.UnitTest.Adapter, Version=10.0.0.0, Culture=neutral, PublicKeyToken=b03f5f7f11d50a3a" className="AutoCompleterTest.AutoCompleterTest, AutoCompleterTest, Version=1.0.0.0, Culture=neutral, PublicKeyToken=null" name="getNextObjectsTest" />
    </UnitTest>
    <UnitTest name="getPossibleItemsOutOfTextItemsTest" storage="c:\users\jasper\documents\programmeren\progrpc\projectsvisual\projects2010\console2\autocompletertest\bin\release\autocompletertest.dll" id="6f68c000-8a6a-ce03-bf40-96c33fea81c7">
      <Execution timeOut="1800000" id="b6da56bb-6ef5-447b-af6d-ad87888ec188" />
      <DeploymentItems>
        <DeploymentItem filename="console2.exe" />
      </DeploymentItems>
      <TestMethod codeBase="C:/Users/JASPER/Documents/programmeren/progrPc/projectsVisual/Projects2010/console2/AutoCompleterTest/bin/Release/AutoCompleterTest.DLL" adapterTypeName="Microsoft.VisualStudio.TestTools.TestTypes.Unit.UnitTestAdapter, Microsoft.VisualStudio.QualityTools.Tips.UnitTest.Adapter, Version=10.0.0.0, Culture=neutral, PublicKeyToken=b03f5f7f11d50a3a" className="AutoCompleterTest.AutoCompleterTest, AutoCompleterTest, Version=1.0.0.0, Culture=neutral, PublicKeyToken=null" name="getPossibleItemsOutOfTextItemsTest" />
    </UnitTest>
    <UnitTest name="getCompletionItemsOfTextTest" storage="c:\users\jasper\documents\programmeren\progrpc\projectsvisual\projects2010\console2\autocompletertest\bin\release\autocompletertest.dll" id="5f2f47c3-6b3d-d638-de48-d332c5bdf384">
      <Execution timeOut="1800000" id="730e8ee7-b528-44d1-90bd-864674b513b4" />
      <TestMethod codeBase="C:/Users/JASPER/Documents/programmeren/progrPc/projectsVisual/Projects2010/console2/AutoCompleterTest/bin/Release/AutoCompleterTest.DLL" adapterTypeName="Microsoft.VisualStudio.TestTools.TestTypes.Unit.UnitTestAdapter, Microsoft.VisualStudio.QualityTools.Tips.UnitTest.Adapter, Version=10.0.0.0, Culture=neutral, PublicKeyToken=b03f5f7f11d50a3a" className="AutoCompleterTest.AutoCompleterTest, AutoCompleterTest, Version=1.0.0.0, Culture=neutral, PublicKeyToken=null" name="getCompletionItemsOfTextTest" />
    </UnitTest>
    <UnitTest name="getListOfSubStringTest" storage="c:\users\jasper\documents\programmeren\progrpc\projectsvisual\projects2010\console2\autocompletertest\bin\release\autocompletertest.dll" id="1e3dacc3-cfe5-3aa8-f6ee-d65ac422e569">
      <Execution timeOut="1800000" id="8aa2cd36-4815-42f8-88e2-488acd3cc97e" />
      <DeploymentItems>
        <DeploymentItem filename="console2.exe" />
      </DeploymentItems>
      <TestMethod codeBase="C:/Users/JASPER/Documents/programmeren/progrPc/projectsVisual/Projects2010/console2/AutoCompleterTest/bin/Release/AutoCompleterTest.DLL" adapterTypeName="Microsoft.VisualStudio.TestTools.TestTypes.Unit.UnitTestAdapter, Microsoft.VisualStudio.QualityTools.Tips.UnitTest.Adapter, Version=10.0.0.0, Culture=neutral, PublicKeyToken=b03f5f7f11d50a3a" className="AutoCompleterTest.AutoCompleterTest, AutoCompleterTest, Version=1.0.0.0, Culture=neutral, PublicKeyToken=null" name="getListOfSubStringTest" />
    </UnitTest>
    <UnitTest name="getStartIndexTest" storage="c:\users\jasper\documents\programmeren\progrpc\projectsvisual\projects2010\console2\autocompletertest\bin\release\autocompletertest.dll" id="d601350c-ce63-65ae-ad74-b02f683cf86d">
      <Execution timeOut="1800000" id="138baa96-ec08-4a14-9e70-0cae9f2c5070" />
      <DeploymentItems>
        <DeploymentItem filename="console2.exe" />
      </DeploymentItems>
      <TestMethod codeBase="C:/Users/JASPER/Documents/programmeren/progrPc/projectsVisual/Projects2010/console2/AutoCompleterTest/bin/Release/AutoCompleterTest.DLL" adapterTypeName="Microsoft.VisualStudio.TestTools.TestTypes.Unit.UnitTestAdapter, Microsoft.VisualStudio.QualityTools.Tips.UnitTest.Adapter, Version=10.0.0.0, Culture=neutral, PublicKeyToken=b03f5f7f11d50a3a" className="AutoCompleterTest.AutoCompleterTest, AutoCompleterTest, Version=1.0.0.0, Culture=neutral, PublicKeyToken=null" name="getStartIndexTest" />
    </UnitTest>
  </TestDefinitions>
  <TestLists>
    <TestList name="Results Not in a List" id="8c84fa94-04c1-424b-9868-57a2d4851a1d" />
    <TestList name="All Loaded Results" id="19431567-8539-422a-85d7-44ee4e166bda" />
  </TestLists>
  <TestEntries>
    <TestEntry testId="375966c9-470c-67ac-3e9f-79e444c349ef" executionId="e11522c0-a001-46c7-a29a-c1a7d1c3cc13" testListId="8c84fa94-04c1-424b-9868-57a2d4851a1d" />
    <TestEntry testId="de575754-54e2-8d1c-c6f1-a7190edbadc3" executionId="636d5d28-dc37-4878-a91c-740e14aa61e8" testListId="8c84fa94-04c1-424b-9868-57a2d4851a1d" />
    <TestEntry testId="5f2f47c3-6b3d-d638-de48-d332c5bdf384" executionId="730e8ee7-b528-44d1-90bd-864674b513b4" testListId="8c84fa94-04c1-424b-9868-57a2d4851a1d" />
    <TestEntry testId="465b132f-a25d-fde8-b6cb-03927ceb30f6" executionId="3136ca67-8258-45cb-ba0e-9f02d9a2ae2f" testListId="8c84fa94-04c1-424b-9868-57a2d4851a1d" />
    <TestEntry testId="1e3dacc3-cfe5-3aa8-f6ee-d65ac422e569" executionId="8aa2cd36-4815-42f8-88e2-488acd3cc97e" testListId="8c84fa94-04c1-424b-9868-57a2d4851a1d" />
    <TestEntry testId="329812f2-925c-63d9-2938-03f647a06733" executionId="48d4e527-d4ab-4241-bbb6-7573e243e5fb" testListId="8c84fa94-04c1-424b-9868-57a2d4851a1d" />
    <TestEntry testId="4c0a0aa6-91ec-56c0-0d1b-79d5083beee0" executionId="4817560c-4909-46b9-b79d-ba0afc3ef080" testListId="8c84fa94-04c1-424b-9868-57a2d4851a1d" />
    <TestEntry testId="6f68c000-8a6a-ce03-bf40-96c33fea81c7" executionId="b6da56bb-6ef5-447b-af6d-ad87888ec188" testListId="8c84fa94-04c1-424b-9868-57a2d4851a1d" />
    <TestEntry testId="d601350c-ce63-65ae-ad74-b02f683cf86d" executionId="138baa96-ec08-4a14-9e70-0cae9f2c5070" testListId="8c84fa94-04c1-424b-9868-57a2d4851a1d" />
  </TestEntries>
  <Results>
    <UnitTestResult executionId="e11522c0-a001-46c7-a29a-c1a7d1c3cc13" testId="375966c9-470c-67ac-3e9f-79e444c349ef" testName="getAllFirstBasesObjectsTest" computerName="OMETHEIS" duration="00:00:00.0149457" startTime="2011-09-15T15:15:10.2044334+02:00" endTime="2011-09-15T15:15:10.2774359+02:00" testType="13cdc9d9-ddb5-4fa4-a97d-d965ccfc6d4b" outcome="Passed" testListId="8c84fa94-04c1-424b-9868-57a2d4851a1d" relativeResultsDirectory="e11522c0-a001-46c7-a29a-c1a7d1c3cc13">
    </UnitTestResult>
    <UnitTestResult executionId="636d5d28-dc37-4878-a91c-740e14aa61e8" testId="de575754-54e2-8d1c-c6f1-a7190edbadc3" testName="getAllFirstBasesStringTest" computerName="OMETHEIS" duration="00:00:00.0045176" startTime="2011-09-15T15:15:10.2974359+02:00" endTime="2011-09-15T15:15:10.3074359+02:00" testType="13cdc9d9-ddb5-4fa4-a97d-d965ccfc6d4b" outcome="Passed" testListId="8c84fa94-04c1-424b-9868-57a2d4851a1d" relativeResultsDirectory="636d5d28-dc37-4878-a91c-740e14aa61e8">
    </UnitTestResult>
    <UnitTestResult executionId="730e8ee7-b528-44d1-90bd-864674b513b4" testId="5f2f47c3-6b3d-d638-de48-d332c5bdf384" testName="getCompletionItemsOfTextTest" computerName="OMETHEIS" duration="00:00:00.0005911" startTime="2011-09-15T15:15:10.3174359+02:00" endTime="2011-09-15T15:15:10.3174359+02:00" testType="13cdc9d9-ddb5-4fa4-a97d-d965ccfc6d4b" outcome="Passed" testListId="8c84fa94-04c1-424b-9868-57a2d4851a1d" relativeResultsDirectory="730e8ee7-b528-44d1-90bd-864674b513b4">
    </UnitTestResult>
    <UnitTestResult executionId="3136ca67-8258-45cb-ba0e-9f02d9a2ae2f" testId="465b132f-a25d-fde8-b6cb-03927ceb30f6" testName="getListedItemsOfTextTest" computerName="OMETHEIS" duration="00:00:00.1049441" startTime="2011-09-15T15:15:10.3334363+02:00" endTime="2011-09-15T15:15:10.4394373+02:00" testType="13cdc9d9-ddb5-4fa4-a97d-d965ccfc6d4b" outcome="Passed" testListId="8c84fa94-04c1-424b-9868-57a2d4851a1d" relativeResultsDirectory="3136ca67-8258-45cb-ba0e-9f02d9a2ae2f">
    </UnitTestResult>
    <UnitTestResult executionId="8aa2cd36-4815-42f8-88e2-488acd3cc97e" testId="1e3dacc3-cfe5-3aa8-f6ee-d65ac422e569" testName="getListOfSubStringTest" computerName="OMETHEIS" duration="00:00:00.0007964" startTime="2011-09-15T15:15:10.4594373+02:00" endTime="2011-09-15T15:15:10.4594373+02:00" testType="13cdc9d9-ddb5-4fa4-a97d-d965ccfc6d4b" outcome="Passed" testListId="8c84fa94-04c1-424b-9868-57a2d4851a1d" relativeResultsDirectory="8aa2cd36-4815-42f8-88e2-488acd3cc97e">
    </UnitTestResult>
    <UnitTestResult executionId="48d4e527-d4ab-4241-bbb6-7573e243e5fb" testId="329812f2-925c-63d9-2938-03f647a06733" testName="getNextObjectsTest" computerName="OMETHEIS" duration="00:00:00.0001022" startTime="2011-09-15T15:15:10.4694374+02:00" endTime="2011-09-15T15:15:10.4694374+02:00" testType="13cdc9d9-ddb5-4fa4-a97d-d965ccfc6d4b" outcome="Passed" testListId="8c84fa94-04c1-424b-9868-57a2d4851a1d" relativeResultsDirectory="48d4e527-d4ab-4241-bbb6-7573e243e5fb">
    </UnitTestResult>
    <UnitTestResult executionId="4817560c-4909-46b9-b79d-ba0afc3ef080" testId="4c0a0aa6-91ec-56c0-0d1b-79d5083beee0" testName="getNextStringsTest" computerName="OMETHEIS" duration="00:00:00.0001060" startTime="2011-09-15T15:15:10.4994374+02:00" endTime="2011-09-15T15:15:10.4994374+02:00" testType="13cdc9d9-ddb5-4fa4-a97d-d965ccfc6d4b" outcome="Passed" testListId="8c84fa94-04c1-424b-9868-57a2d4851a1d" relativeResultsDirectory="4817560c-4909-46b9-b79d-ba0afc3ef080">
    </UnitTestResult>
    <UnitTestResult executionId="b6da56bb-6ef5-447b-af6d-ad87888ec188" testId="6f68c000-8a6a-ce03-bf40-96c33fea81c7" testName="getPossibleItemsOutOfTextItemsTest" computerName="OMETHEIS" duration="00:00:00.0001052" startTime="2011-09-15T15:15:10.5094374+02:00" endTime="2011-09-15T15:15:10.5094374+02:00" testType="13cdc9d9-ddb5-4fa4-a97d-d965ccfc6d4b" outcome="Passed" testListId="8c84fa94-04c1-424b-9868-57a2d4851a1d" relativeResultsDirectory="b6da56bb-6ef5-447b-af6d-ad87888ec188">
    </UnitTestResult>
    <UnitTestResult executionId="138baa96-ec08-4a14-9e70-0cae9f2c5070" testId="d601350c-ce63-65ae-ad74-b02f683cf86d" testName="getStartIndexTest" computerName="OMETHEIS" duration="00:00:00.0015911" startTime="2011-09-15T15:15:10.5194374+02:00" endTime="2011-09-15T15:15:10.5194374+02:00" testType="13cdc9d9-ddb5-4fa4-a97d-d965ccfc6d4b" outcome="Passed" testListId="8c84fa94-04c1-424b-9868-57a2d4851a1d" relativeResultsDirectory="138baa96-ec08-4a14-9e70-0cae9f2c5070">
    </UnitTestResult>
  </Results>
</TestRun>