<?xml version="1.0" encoding="UTF-8"?>
<TestRun id="49a46a32-5836-4949-be1f-c047840ea9d0" name="JASPER@OMETHEIS 2011-09-18 20:54:14" runUser="OMETHEIS\JASPER" xmlns="http://microsoft.com/schemas/VisualStudio/TeamTest/2010">
  <TestSettings name="Local" id="dd88ff50-7145-4656-9ce6-8fb09aad029c">
    <Description>These are default test settings for a local test run.</Description>
    <Deployment enabled="false" runDeploymentRoot="JASPER_OMETHEIS 2011-09-18 20_54_14" />
    <Execution>
      <TestTypeSpecific />
      <AgentRule name="Execution Agents">
      </AgentRule>
    </Execution>
  </TestSettings>
  <Times creation="2011-09-18T20:54:14.6393615+02:00" queuing="2011-09-18T20:54:14.9825621+02:00" start="2011-09-18T20:54:15.2789626+02:00" finish="2011-09-18T20:54:15.6845633+02:00" />
  <ResultSummary outcome="Failed">
    <Counters total="1" executed="1" error="0" failed="1" timeout="0" aborted="0" inconclusive="0" passedButRunAborted="0" notRunnable="0" notExecuted="0" disconnected="0" warning="0" passed="0" completed="0" inProgress="0" pending="0" />
  </ResultSummary>
  <TestDefinitions>
    <UnitTest name="seperateTestPart1" storage="c:\users\jasper\documents\programmeren\progrpc\projectsvisual\projects2010\console2\autocompletertest\bin\release\autocompletertest.dll" id="b7c1c319-391d-ad58-970d-bc1e7b095641">
      <Execution timeOut="1800000" id="911af1ff-2079-4884-919f-437fcf4dd515" />
      <TestMethod codeBase="C:/Users/JASPER/Documents/programmeren/progrPc/projectsVisual/Projects2010/console2/AutoCompleterTest/bin/Release/AutoCompleterTest.DLL" adapterTypeName="Microsoft.VisualStudio.TestTools.TestTypes.Unit.UnitTestAdapter, Microsoft.VisualStudio.QualityTools.Tips.UnitTest.Adapter, Version=10.0.0.0, Culture=neutral, PublicKeyToken=b03f5f7f11d50a3a" className="AutoCompleterTest.ExecutionNodeTest, AutoCompleterTest, Version=1.0.0.0, Culture=neutral, PublicKeyToken=null" name="seperateTestPart1" />
    </UnitTest>
  </TestDefinitions>
  <TestLists>
    <TestList name="Results Not in a List" id="8c84fa94-04c1-424b-9868-57a2d4851a1d" />
    <TestList name="All Loaded Results" id="19431567-8539-422a-85d7-44ee4e166bda" />
  </TestLists>
  <TestEntries>
    <TestEntry testId="b7c1c319-391d-ad58-970d-bc1e7b095641" executionId="911af1ff-2079-4884-919f-437fcf4dd515" testListId="8c84fa94-04c1-424b-9868-57a2d4851a1d" />
  </TestEntries>
  <Results>
    <UnitTestResult executionId="911af1ff-2079-4884-919f-437fcf4dd515" testId="b7c1c319-391d-ad58-970d-bc1e7b095641" testName="seperateTestPart1" computerName="OMETHEIS" duration="00:00:00.1138694" startTime="2011-09-18T20:54:15.4037628+02:00" endTime="2011-09-18T20:54:15.5753631+02:00" testType="13cdc9d9-ddb5-4fa4-a97d-d965ccfc6d4b" outcome="Failed" testListId="8c84fa94-04c1-424b-9868-57a2d4851a1d" relativeResultsDirectory="911af1ff-2079-4884-919f-437fcf4dd515">
      <Output>
        <ErrorInfo>
          <Message>Test method AutoCompleterTest.ExecutionNodeTest.seperateTestPart1 threw exception: 
System.ArgumentOutOfRangeException: Index was out of range. Must be non-negative and less than the size of the collection.
Parameter name: index</Message>
          <StackTrace>    at System.ThrowHelper.ThrowArgumentOutOfRangeException()
   at AutoCompleterTest.ExecutionNodeTest.seperateTestPart1() in C:\Users\JASPER\Documents\programmeren\progrPc\projectsVisual\Projects2010\console2\AutoCompleterTest\ExecutionNodeTest.cs:line 73
</StackTrace>
        </ErrorInfo>
      </Output>
    </UnitTestResult>
  </Results>
</TestRun>