<?xml version="1.0" encoding="UTF-8"?>
<TestRun id="f2a71c7c-359c-4a41-bd56-4c3603b45d75" name="JASPER@OMETHEIS 2011-09-15 10:57:28" runUser="OMETHEIS\JASPER" xmlns="http://microsoft.com/schemas/VisualStudio/TeamTest/2010">
  <TestSettings name="Local" id="dd88ff50-7145-4656-9ce6-8fb09aad029c">
    <Description>These are default test settings for a local test run.</Description>
    <Deployment enabled="false" runDeploymentRoot="JASPER_OMETHEIS 2011-09-15 10_57_28" />
    <Execution>
      <TestTypeSpecific />
      <AgentRule name="Execution Agents">
      </AgentRule>
    </Execution>
  </TestSettings>
  <Times creation="2011-09-15T10:57:28.2475010+02:00" queuing="2011-09-15T10:57:28.5905050+02:00" start="2011-09-15T10:57:28.8965202+02:00" finish="2011-09-15T10:57:29.2945307+02:00" />
  <ResultSummary outcome="Warning">
    <Counters total="1" executed="1" passed="1" error="0" failed="0" timeout="0" aborted="0" inconclusive="0" passedButRunAborted="0" notRunnable="0" notExecuted="0" disconnected="0" warning="0" completed="0" inProgress="0" pending="0" />
    <RunInfos>
      <RunInfo computerName="OMETHEIS" outcome="Warning" timestamp="2011-09-15T10:57:28.3785034+02:00">
        <Text>Deployment is currently disabled. The deployment item 'console2.exe' on test 'AutoCompleterTest.AutoCompleterTest.getListOfSubStringTest' was not deployed.</Text>
      </RunInfo>
    </RunInfos>
  </ResultSummary>
  <TestDefinitions>
    <UnitTest name="getListOfSubStringTest" storage="c:\users\jasper\documents\programmeren\progrpc\projectsvisual\projects2010\console2\autocompletertest\bin\release\autocompletertest.dll" id="1e3dacc3-cfe5-3aa8-f6ee-d65ac422e569">
      <Execution timeOut="1800000" id="8366fe1e-ac47-4eec-85fb-123eafea091b" />
      <DeploymentItems>
        <DeploymentItem filename="console2.exe" />
      </DeploymentItems>
      <TestMethod codeBase="C:/Users/JASPER/Documents/programmeren/progrPc/projectsVisual/Projects2010/console2/AutoCompleterTest/bin/Release/AutoCompleterTest.DLL" adapterTypeName="Microsoft.VisualStudio.TestTools.TestTypes.Unit.UnitTestAdapter, Microsoft.VisualStudio.QualityTools.Tips.UnitTest.Adapter, Version=10.0.0.0, Culture=neutral, PublicKeyToken=b03f5f7f11d50a3a" className="AutoCompleterTest.AutoCompleterTest, AutoCompleterTest, Version=1.0.0.0, Culture=neutral, PublicKeyToken=null" name="getListOfSubStringTest" />
    </UnitTest>
  </TestDefinitions>
  <TestLists>
    <TestList name="Results Not in a List" id="8c84fa94-04c1-424b-9868-57a2d4851a1d" />
    <TestList name="All Loaded Results" id="19431567-8539-422a-85d7-44ee4e166bda" />
  </TestLists>
  <TestEntries>
    <TestEntry testId="1e3dacc3-cfe5-3aa8-f6ee-d65ac422e569" executionId="8366fe1e-ac47-4eec-85fb-123eafea091b" testListId="8c84fa94-04c1-424b-9868-57a2d4851a1d" />
  </TestEntries>
  <Results>
    <UnitTestResult executionId="8366fe1e-ac47-4eec-85fb-123eafea091b" testId="1e3dacc3-cfe5-3aa8-f6ee-d65ac422e569" testName="getListOfSubStringTest" computerName="OMETHEIS" duration="00:00:00.1206152" startTime="2011-09-15T10:57:28.9815251+02:00" endTime="2011-09-15T10:57:29.1925293+02:00" testType="13cdc9d9-ddb5-4fa4-a97d-d965ccfc6d4b" outcome="Passed" testListId="8c84fa94-04c1-424b-9868-57a2d4851a1d" relativeResultsDirectory="8366fe1e-ac47-4eec-85fb-123eafea091b">
    </UnitTestResult>
  </Results>
</TestRun>