<?xml version="1.0" encoding="UTF-8"?>
<TestRun id="9321d115-92c6-4b74-8f67-c37cc418ac79" name="JASPER@OMETHEIS 2011-09-18 21:02:06" runUser="OMETHEIS\JASPER" xmlns="http://microsoft.com/schemas/VisualStudio/TeamTest/2010">
  <TestSettings name="Local" id="dd88ff50-7145-4656-9ce6-8fb09aad029c">
    <Description>These are default test settings for a local test run.</Description>
    <Deployment enabled="false" runDeploymentRoot="JASPER_OMETHEIS 2011-09-18 21_02_06" />
    <Execution>
      <TestTypeSpecific />
      <AgentRule name="Execution Agents">
      </AgentRule>
    </Execution>
  </TestSettings>
  <Times creation="2011-09-18T21:02:06.6198750+02:00" queuing="2011-09-18T21:02:06.9630756+02:00" start="2011-09-18T21:02:07.2438760+02:00" finish="2011-09-18T21:02:07.7586770+02:00" />
  <ResultSummary outcome="Completed">
    <Counters total="1" executed="1" passed="1" error="0" failed="0" timeout="0" aborted="0" inconclusive="0" passedButRunAborted="0" notRunnable="0" notExecuted="0" disconnected="0" warning="0" completed="0" inProgress="0" pending="0" />
  </ResultSummary>
  <TestDefinitions>
    <UnitTest name="seperateTestPart1" storage="c:\users\jasper\documents\programmeren\progrpc\projectsvisual\projects2010\console2\autocompletertest\bin\release\autocompletertest.dll" id="b7c1c319-391d-ad58-970d-bc1e7b095641">
      <Execution timeOut="1800000" id="958bcfaa-6be1-4d94-b76b-4ca768aaa890" />
      <TestMethod codeBase="C:/Users/JASPER/Documents/programmeren/progrPc/projectsVisual/Projects2010/console2/AutoCompleterTest/bin/Release/AutoCompleterTest.DLL" adapterTypeName="Microsoft.VisualStudio.TestTools.TestTypes.Unit.UnitTestAdapter, Microsoft.VisualStudio.QualityTools.Tips.UnitTest.Adapter, Version=10.0.0.0, Culture=neutral, PublicKeyToken=b03f5f7f11d50a3a" className="AutoCompleterTest.ExecutionNodeTest, AutoCompleterTest, Version=1.0.0.0, Culture=neutral, PublicKeyToken=null" name="seperateTestPart1" />
    </UnitTest>
  </TestDefinitions>
  <TestLists>
    <TestList name="Results Not in a List" id="8c84fa94-04c1-424b-9868-57a2d4851a1d" />
    <TestList name="All Loaded Results" id="19431567-8539-422a-85d7-44ee4e166bda" />
  </TestLists>
  <TestEntries>
    <TestEntry testId="b7c1c319-391d-ad58-970d-bc1e7b095641" executionId="958bcfaa-6be1-4d94-b76b-4ca768aaa890" testListId="8c84fa94-04c1-424b-9868-57a2d4851a1d" />
  </TestEntries>
  <Results>
    <UnitTestResult executionId="958bcfaa-6be1-4d94-b76b-4ca768aaa890" testId="b7c1c319-391d-ad58-970d-bc1e7b095641" testName="seperateTestPart1" computerName="OMETHEIS" duration="00:00:00.0726505" startTime="2011-09-18T21:02:07.5090765+02:00" endTime="2011-09-18T21:02:07.6494768+02:00" testType="13cdc9d9-ddb5-4fa4-a97d-d965ccfc6d4b" outcome="Passed" testListId="8c84fa94-04c1-424b-9868-57a2d4851a1d" relativeResultsDirectory="958bcfaa-6be1-4d94-b76b-4ca768aaa890">
    </UnitTestResult>
  </Results>
</TestRun>