<?xml version="1.0" encoding="UTF-8"?>
<TestRun id="68db64e1-3dbb-4fe9-a3a5-bb04a57e1efa" name="JASPER@OMETHEIS 2011-09-15 11:31:40" runUser="OMETHEIS\JASPER" xmlns="http://microsoft.com/schemas/VisualStudio/TeamTest/2010">
  <TestSettings name="Local" id="dd88ff50-7145-4656-9ce6-8fb09aad029c">
    <Description>These are default test settings for a local test run.</Description>
    <Deployment enabled="false" runDeploymentRoot="JASPER_OMETHEIS 2011-09-15 11_31_40" />
    <Execution>
      <TestTypeSpecific />
      <AgentRule name="Execution Agents">
      </AgentRule>
    </Execution>
  </TestSettings>
  <Times creation="2011-09-15T11:31:40.6370689+02:00" queuing="2011-09-15T11:31:40.9690705+02:00" start="2011-09-15T11:31:41.2840863+02:00" finish="2011-09-15T11:31:41.5610999+02:00" />
  <ResultSummary outcome="Completed">
    <Counters total="1" executed="1" passed="1" error="0" failed="0" timeout="0" aborted="0" inconclusive="0" passedButRunAborted="0" notRunnable="0" notExecuted="0" disconnected="0" warning="0" completed="0" inProgress="0" pending="0" />
  </ResultSummary>
  <TestDefinitions>
    <UnitTest name="getCompletionItemsOfTextTest" storage="c:\users\jasper\documents\programmeren\progrpc\projectsvisual\projects2010\console2\autocompletertest\bin\release\autocompletertest.dll" id="5f2f47c3-6b3d-d638-de48-d332c5bdf384">
      <Execution timeOut="1800000" id="87f8d432-e2b2-4a1c-8215-b949cd94a39f" />
      <TestMethod codeBase="C:/Users/JASPER/Documents/programmeren/progrPc/projectsVisual/Projects2010/console2/AutoCompleterTest/bin/Release/AutoCompleterTest.DLL" adapterTypeName="Microsoft.VisualStudio.TestTools.TestTypes.Unit.UnitTestAdapter, Microsoft.VisualStudio.QualityTools.Tips.UnitTest.Adapter, Version=10.0.0.0, Culture=neutral, PublicKeyToken=b03f5f7f11d50a3a" className="AutoCompleterTest.AutoCompleterTest, AutoCompleterTest, Version=1.0.0.0, Culture=neutral, PublicKeyToken=null" name="getCompletionItemsOfTextTest" />
    </UnitTest>
  </TestDefinitions>
  <TestLists>
    <TestList name="Results Not in a List" id="8c84fa94-04c1-424b-9868-57a2d4851a1d" />
    <TestList name="All Loaded Results" id="19431567-8539-422a-85d7-44ee4e166bda" />
  </TestLists>
  <TestEntries>
    <TestEntry testId="5f2f47c3-6b3d-d638-de48-d332c5bdf384" executionId="87f8d432-e2b2-4a1c-8215-b949cd94a39f" testListId="8c84fa94-04c1-424b-9868-57a2d4851a1d" />
  </TestEntries>
  <Results>
    <UnitTestResult executionId="87f8d432-e2b2-4a1c-8215-b949cd94a39f" testId="5f2f47c3-6b3d-d638-de48-d332c5bdf384" testName="getCompletionItemsOfTextTest" computerName="OMETHEIS" duration="00:00:00.0194159" startTime="2011-09-15T11:31:41.3530903+02:00" endTime="2011-09-15T11:31:41.4490958+02:00" testType="13cdc9d9-ddb5-4fa4-a97d-d965ccfc6d4b" outcome="Passed" testListId="8c84fa94-04c1-424b-9868-57a2d4851a1d" relativeResultsDirectory="87f8d432-e2b2-4a1c-8215-b949cd94a39f">
    </UnitTestResult>
  </Results>
</TestRun>