<?xml version="1.0" encoding="UTF-8"?>
<TestRun id="5c2e8862-7a4c-41f0-9531-9d94bcaf0fff" name="JASPER@OMETHEIS 2011-09-07 20:49:00" runUser="OMETHEIS\JASPER" xmlns="http://microsoft.com/schemas/VisualStudio/TeamTest/2010">
  <TestSettings name="Default Test Settings" id="5478775a-47d3-4460-b1e1-d44081c70d68">
    <Execution>
      <TestTypeSpecific />
      <AgentRule name="Execution Agents">
      </AgentRule>
    </Execution>
    <Deployment runDeploymentRoot="JASPER_OMETHEIS 2011-09-07 20_49_00" />
  </TestSettings>
  <Times creation="2011-09-07T20:49:00.6052132+02:00" queuing="2011-09-07T20:49:01.2212250+02:00" start="2011-09-07T20:49:01.5372409+02:00" finish="2011-09-07T20:49:01.8452457+02:00" />
  <ResultSummary outcome="Completed">
    <Counters total="1" executed="1" passed="1" error="0" failed="0" timeout="0" aborted="0" inconclusive="0" passedButRunAborted="0" notRunnable="0" notExecuted="0" disconnected="0" warning="0" completed="0" inProgress="0" pending="0" />
  </ResultSummary>
  <TestDefinitions>
    <UnitTest name="getListedItemsOfTextTest" storage="c:\users\jasper\documents\programmeren\progrpc\projects\projects2010\console2\testproject1\bin\release\testproject1.dll" id="820acb2b-2db1-b376-4ca4-09e058723980">
      <Execution timeOut="1800000" id="e714ed30-a663-4baa-8017-198ada6b2eab" />
      <TestMethod codeBase="C:/Users/JASPER/Documents/programmeren/progrPc/projects/Projects2010/console2/TestProject1/bin/Release/TestProject1.DLL" adapterTypeName="Microsoft.VisualStudio.TestTools.TestTypes.Unit.UnitTestAdapter, Microsoft.VisualStudio.QualityTools.Tips.UnitTest.Adapter, Version=10.0.0.0, Culture=neutral, PublicKeyToken=b03f5f7f11d50a3a" className="TestProject1.AutoCompleterTest, TestProject1, Version=1.0.0.0, Culture=neutral, PublicKeyToken=null" name="getListedItemsOfTextTest" />
    </UnitTest>
  </TestDefinitions>
  <TestLists>
    <TestList name="Results Not in a List" id="8c84fa94-04c1-424b-9868-57a2d4851a1d" />
    <TestList name="All Loaded Results" id="19431567-8539-422a-85d7-44ee4e166bda" />
  </TestLists>
  <TestEntries>
    <TestEntry testId="820acb2b-2db1-b376-4ca4-09e058723980" executionId="e714ed30-a663-4baa-8017-198ada6b2eab" testListId="8c84fa94-04c1-424b-9868-57a2d4851a1d" />
  </TestEntries>
  <Results>
    <UnitTestResult executionId="e714ed30-a663-4baa-8017-198ada6b2eab" testId="820acb2b-2db1-b376-4ca4-09e058723980" testName="getListedItemsOfTextTest" computerName="OMETHEIS" duration="00:00:00.0149301" startTime="2011-09-07T20:49:01.6432425+02:00" endTime="2011-09-07T20:49:01.7352455+02:00" testType="13cdc9d9-ddb5-4fa4-a97d-d965ccfc6d4b" outcome="Passed" testListId="8c84fa94-04c1-424b-9868-57a2d4851a1d" relativeResultsDirectory="e714ed30-a663-4baa-8017-198ada6b2eab">
    </UnitTestResult>
  </Results>
</TestRun>