<?xml version="1.0" encoding="UTF-8"?>
<TestRun id="37dc619f-ad7d-473c-805e-8dc7316d061d" name="JASPER@OMETHEIS 2011-09-07 20:37:47" runUser="OMETHEIS\JASPER" xmlns="http://microsoft.com/schemas/VisualStudio/TeamTest/2010">
  <TestSettings name="Local" id="dd88ff50-7145-4656-9ce6-8fb09aad029c">
    <Description>These are default test settings for a local test run.</Description>
    <Deployment enabled="false" runDeploymentRoot="JASPER_OMETHEIS 2011-09-07 20_37_47" />
    <Execution>
      <TestTypeSpecific />
      <AgentRule name="Execution Agents">
      </AgentRule>
    </Execution>
  </TestSettings>
  <Times creation="2011-09-07T20:37:47.3526966+02:00" queuing="2011-09-07T20:37:47.8826973+02:00" start="2011-09-07T20:37:48.3197162+02:00" finish="2011-09-07T20:37:48.7907230+02:00" />
  <ResultSummary outcome="Failed">
    <Counters total="1" executed="1" error="0" failed="1" timeout="0" aborted="0" inconclusive="0" passedButRunAborted="0" notRunnable="0" notExecuted="0" disconnected="0" warning="0" passed="0" completed="0" inProgress="0" pending="0" />
  </ResultSummary>
  <TestDefinitions>
    <UnitTest name="getListedItemsOfTextTest" storage="c:\users\jasper\documents\programmeren\progrpc\projects\projects2010\console2\testproject1\bin\release\testproject1.dll" id="820acb2b-2db1-b376-4ca4-09e058723980">
      <Execution timeOut="1800000" id="2a909826-18b7-4662-9eb9-145f5bd64c8f" />
      <TestMethod codeBase="C:/Users/JASPER/Documents/programmeren/progrPc/projects/Projects2010/console2/TestProject1/bin/Release/TestProject1.DLL" adapterTypeName="Microsoft.VisualStudio.TestTools.TestTypes.Unit.UnitTestAdapter, Microsoft.VisualStudio.QualityTools.Tips.UnitTest.Adapter, Version=10.0.0.0, Culture=neutral, PublicKeyToken=b03f5f7f11d50a3a" className="TestProject1.AutoCompleterTest, TestProject1, Version=1.0.0.0, Culture=neutral, PublicKeyToken=null" name="getListedItemsOfTextTest" />
    </UnitTest>
  </TestDefinitions>
  <TestLists>
    <TestList name="Results Not in a List" id="8c84fa94-04c1-424b-9868-57a2d4851a1d" />
    <TestList name="All Loaded Results" id="19431567-8539-422a-85d7-44ee4e166bda" />
  </TestLists>
  <TestEntries>
    <TestEntry testId="820acb2b-2db1-b376-4ca4-09e058723980" executionId="2a909826-18b7-4662-9eb9-145f5bd64c8f" testListId="8c84fa94-04c1-424b-9868-57a2d4851a1d" />
  </TestEntries>
  <Results>
    <UnitTestResult executionId="2a909826-18b7-4662-9eb9-145f5bd64c8f" testId="820acb2b-2db1-b376-4ca4-09e058723980" testName="getListedItemsOfTextTest" computerName="OMETHEIS" duration="00:00:00.1538579" startTime="2011-09-07T20:37:48.4567190+02:00" endTime="2011-09-07T20:37:48.6787205+02:00" testType="13cdc9d9-ddb5-4fa4-a97d-d965ccfc6d4b" outcome="Failed" testListId="8c84fa94-04c1-424b-9868-57a2d4851a1d" relativeResultsDirectory="2a909826-18b7-4662-9eb9-145f5bd64c8f">
      <Output>
        <ErrorInfo>
          <Message>Assert.AreEqual failed. Expected:&lt;(null)&gt;. Actual:&lt;System.String[]&gt;. </Message>
          <StackTrace>   at TestProject1.AutoCompleterTest.getListedItemsOfTextTest() in C:\Users\JASPER\Documents\programmeren\progrPc\projects\Projects2010\console2\TestProject1\AutoCompleterTest.cs:line 79
</StackTrace>
        </ErrorInfo>
      </Output>
    </UnitTestResult>
  </Results>
</TestRun>